financial_tracker/build/intermediates/manifest_merge_blame_file/debug/processDebugManifest/manifest-merger-blame-debug-report.txt
1<?xml version="1.0" encoding="utf-8"?>
2<manifest xmlns:android="http://schemas.android.com/apk/res/android"
3    package="com.financial.tracker.module" >
4
5    <uses-sdk android:minSdkVersion="24" />
5-->INJECTED
5-->INJECTED
6
7    <uses-permission android:name="android.permission.RECEIVE_BOOT_COMPLETED" />
7-->src\main\AndroidManifest.xml:4:5-81
7-->src\main\AndroidManifest.xml:4:22-78
8
9    <application>
9-->src\main\AndroidManifest.xml:6:5-16:19
10        <service
10-->src\main\AndroidManifest.xml:7:9-15:19
11            android:name="com.financial.tracker.module.FinancialNotificationListener"
11-->src\main\AndroidManifest.xml:8:13-86
12            android:exported="true"
12-->src\main\AndroidManifest.xml:11:13-36
13            android:label="Financial Transaction Analyzer"
13-->src\main\AndroidManifest.xml:9:13-59
14            android:permission="android.permission.BIND_NOTIFICATION_LISTENER_SERVICE" >
14-->src\main\AndroidManifest.xml:10:13-87
15            <intent-filter>
15-->src\main\AndroidManifest.xml:12:13-14:29
16                <action android:name="android.service.notification.NotificationListenerService" />
16-->src\main\AndroidManifest.xml:13:17-99
16-->src\main\AndroidManifest.xml:13:25-96
17            </intent-filter>
18        </service>
19    </application>
20
21</manifest>